<?xml version="1.0" encoding="UTF-8"?>
<!-- Generated by org.testng.reporters.JUnitReportReporter -->
<testsuite hostname="ITL-LT-DL-REF-84-R0916838" failures="0" tests="1" name="com.intene.ne.ExcelOperations" time="1.142" errors="0" timestamp="2023-08-09T12:03:00 IST" skipped="0">
  <testcase classname="com.intene.ne.ExcelOperations" name="m1" time="1.142"/>
</testsuite> <!-- com.intene.ne.ExcelOperations -->
