<?xml version="1.0" encoding="UTF-8"?>
<!-- Generated by org.testng.reporters.JUnitReportReporter -->
<testsuite hostname="ITL-LT-DL-REF-84-R0916838" failures="0" tests="1" name="com.intense.als.ExcelOperations" time="0.984" errors="0" timestamp="2023-08-16T18:36:14 IST" skipped="0">
  <testcase classname="com.intense.als.ExcelOperations" name="m1" time="0.984"/>
</testsuite> <!-- com.intense.als.ExcelOperations -->
