<?xml version="1.0" encoding="UTF-8"?>
<!-- Generated by org.testng.reporters.JUnitReportReporter -->
<testsuite hostname="ITL-LT-DL-REF-84-R0916838" failures="0" tests="1" name="com.intense.als.Sample" time="0.014" errors="0" timestamp="2023-08-11T20:32:54 IST" skipped="0">
  <testcase classname="com.intense.als.Sample" name="m1" time="0.014"/>
</testsuite> <!-- com.intense.als.Sample -->
