<?xml version="1.0" encoding="UTF-8"?>
<!-- Generated by org.testng.reporters.JUnitReportReporter -->
<testsuite hostname="ITL-LT-DL-REF-84-R0916838" failures="0" tests="1" name="com.intense.als.GetRegeneratedCAFStatus" time="3.600" errors="0" timestamp="2025-03-04T18:26:42 IST" skipped="0">
  <testcase classname="com.intense.als.GetRegeneratedCAFStatus" name="getRegeneratedCAFStatusResult" time="3.600"/>
</testsuite> <!-- com.intense.als.GetRegeneratedCAFStatus -->
