<?xml version="1.0" encoding="UTF-8"?>
<!-- Generated by org.testng.reporters.JUnitReportReporter -->
<testsuite hostname="ITL-LT-DL-REF-84-R0916838" failures="0" tests="1" name="com.intene.ne.ReadProperties" time="0.019" errors="0" timestamp="2023-08-09T11:38:36 IST" skipped="0">
  <testcase classname="com.intene.ne.ReadProperties" name="m1" time="0.019"/>
</testsuite> <!-- com.intene.ne.ReadProperties -->
