<?xml version="1.0" encoding="UTF-8"?>
<!-- Generated by org.testng.reporters.JUnitReportReporter -->
<testsuite hostname="ITL-LT-DL-REF-84-R0916838" failures="0" tests="1" name="com.intense.testcases.ALS_TestCase" time="19.990" errors="0" timestamp="2023-09-27T10:03:07 IST" skipped="0">
  <testcase classname="com.intense.testcases.ALS_TestCase" name="alsNE" time="19.990"/>
</testsuite> <!-- com.intense.testcases.ALS_TestCase -->
