<?xml version="1.0" encoding="UTF-8"?>
<!-- Generated by org.testng.reporters.JUnitReportReporter -->
<testsuite hostname="ITL-LT-DL-REF-84-R0916838" failures="0" tests="1" name="com.intense.als.VerifyDB" time="4.289" errors="0" timestamp="2023-09-27T10:36:10 IST" skipped="0">
  <testcase classname="com.intense.als.VerifyDB" name="m1" time="4.289"/>
</testsuite> <!-- com.intense.als.VerifyDB -->
