<?xml version="1.0" encoding="UTF-8"?>
<!-- Generated by org.testng.reporters.JUnitReportReporter -->
<testsuite hostname="ITL-LT-DL-REF-84-R0916838" failures="0" tests="1" name="com.intense.accelator.ExcelOperations" time="1.771" errors="0" timestamp="2023-08-04T19:42:00 IST" skipped="0">
  <testcase classname="com.intense.accelator.ExcelOperations" name="m1" time="1.771"/>
</testsuite> <!-- com.intense.accelator.ExcelOperations -->
