<?xml version="1.0" encoding="UTF-8"?>
<!-- Generated by org.testng.reporters.JUnitReportReporter -->
<testsuite hostname="ITL-LT-DL-REF-84-R0916838" failures="0" tests="1" name="com.intense.accelator.ReadProperties" time="0.029" errors="0" timestamp="2023-08-04T19:13:48 IST" skipped="0">
  <testcase classname="com.intense.accelator.ReadProperties" name="m1" time="0.029"/>
</testsuite> <!-- com.intense.accelator.ReadProperties -->
