<?xml version="1.0" encoding="UTF-8"?>
<!-- Generated by org.testng.reporters.JUnitReportReporter -->
<testsuite hostname="ITL-LT-DL-REF-84-R0916838" failures="0" tests="1" name="com.intense.accelator.Sampleqq" time="0.014" errors="0" timestamp="2023-07-25T16:20:59 IST" skipped="0">
  <testcase classname="com.intense.accelator.Sampleqq" name="m1" time="0.014"/>
</testsuite> <!-- com.intense.accelator.Sampleqq -->
