<?xml version="1.0" encoding="UTF-8"?>
<!-- Generated by org.testng.reporters.JUnitReportReporter -->
<testsuite hostname="ITL-LT-DL-REF-84-R0916838" failures="0" tests="1" name="com.intense.testcases.OpenBrowserTestcase" time="10.233" errors="0" timestamp="2023-08-04T19:53:52 IST" skipped="0">
  <testcase classname="com.intense.testcases.OpenBrowserTestcase" name="openApplication" time="10.233"/>
</testsuite> <!-- com.intense.testcases.OpenBrowserTestcase -->
