<?xml version="1.0" encoding="UTF-8"?>
<!-- Generated by org.testng.reporters.JUnitReportReporter -->
<testsuite hostname="ITL-LT-DL-REF-84-R0916838" failures="0" tests="2" name="com.intense.testcases.EditUserTestcase" time="2.407" errors="0" timestamp="2023-08-04T19:53:52 IST" skipped="0">
  <testcase classname="com.intense.testcases.EditUserTestcase" name="editUserData" time="0.550"/>
  <testcase classname="com.intense.testcases.EditUserTestcase" name="editIcon" time="1.857"/>
</testsuite> <!-- com.intense.testcases.EditUserTestcase -->
