<?xml version="1.0" encoding="UTF-8"?>
<!-- Generated by org.testng.reporters.JUnitReportReporter -->
<testsuite hostname="ITL-LT-DL-REF-84-R0916838" failures="0" tests="1" name="com.intense.testcases.CreateUserTestcase" time="0.114" errors="0" timestamp="2023-08-04T19:53:52 IST" skipped="0">
  <testcase classname="com.intense.testcases.CreateUserTestcase" name="frameMove" time="0.114"/>
</testsuite> <!-- com.intense.testcases.CreateUserTestcase -->
