<?xml version="1.0" encoding="UTF-8"?>
<!-- Generated by org.testng.reporters.JUnitReportReporter -->
<testsuite hostname="ITL-LT-DL-REF-84-R0916838" failures="0" tests="4" name="com.rjio.testcases.ProcessBucketTestcase" time="89.117" errors="0" timestamp="2024-04-10T17:52:28 IST" skipped="0">
  <testcase classname="com.rjio.testcases.ProcessBucketTestcase" name="createProcessBucket" time="32.425"/>
  <testcase classname="com.rjio.testcases.ProcessBucketTestcase" name="editProcessBucket" time="28.782"/>
  <testcase classname="com.rjio.testcases.ProcessBucketTestcase" name="startProcessBucket" time="14.004"/>
  <testcase classname="com.rjio.testcases.ProcessBucketTestcase" name="stopProcessBucket" time="13.906"/>
</testsuite> <!-- com.rjio.testcases.ProcessBucketTestcase -->
