<?xml version="1.0" encoding="UTF-8"?>
<!-- Generated by org.testng.reporters.JUnitReportReporter -->
<testsuite hostname="ITL-LT-DL-REF-84-R0916838" failures="0" tests="1" name="com.rjio.testcases.LoginTestcase" time="19.533" errors="0" timestamp="2024-11-29T12:48:10 IST" skipped="0">
  <testcase classname="com.rjio.testcases.LoginTestcase" name="loginApplication" time="19.533"/>
</testsuite> <!-- com.rjio.testcases.LoginTestcase -->
