<?xml version="1.0" encoding="UTF-8"?>
<!-- Generated by org.testng.reporters.JUnitReportReporter -->
<testsuite hostname="ITL-LT-DL-REF-84-R0916838" failures="0" tests="3" name="com.rjio.testcases.AlertsQueuesTestcase" time="70.754" errors="0" timestamp="2024-04-10T16:38:25 IST" skipped="0">
  <testcase classname="com.rjio.testcases.AlertsQueuesTestcase" name="createQueue" time="42.274"/>
  <testcase classname="com.rjio.testcases.AlertsQueuesTestcase" name="editQueue" time="14.304"/>
  <testcase classname="com.rjio.testcases.AlertsQueuesTestcase" name="deleteQueue" time="14.176"/>
</testsuite> <!-- com.rjio.testcases.AlertsQueuesTestcase -->
