<?xml version="1.0" encoding="UTF-8"?>
<!-- Generated by org.testng.reporters.JUnitReportReporter -->
<testsuite hostname="ITL-LT-DL-REF-84-R0916838" failures="0" tests="3" name="com.rjio.testcases.ApplicationsTestcase" time="79.508" errors="0" timestamp="2024-04-10T16:13:19 IST" skipped="0">
  <testcase classname="com.rjio.testcases.ApplicationsTestcase" name="createApplication" time="37.729"/>
  <testcase classname="com.rjio.testcases.ApplicationsTestcase" name="editApplication" time="28.041"/>
  <testcase classname="com.rjio.testcases.ApplicationsTestcase" name="deleteApplication" time="13.738"/>
</testsuite> <!-- com.rjio.testcases.ApplicationsTestcase -->
