<?xml version="1.0" encoding="UTF-8"?>
<!-- Generated by org.testng.reporters.JUnitReportReporter -->
<testsuite hostname="ITL-LT-DL-REF-84-R0916838" failures="0" tests="5" name="com.rjio.testcases.AlertsSourcesTestcase" time="122.090" errors="0" timestamp="2024-04-10T12:22:59 IST" skipped="0">
  <testcase classname="com.rjio.testcases.AlertsSourcesTestcase" name="creationsource" time="28.806"/>
  <testcase classname="com.rjio.testcases.AlertsSourcesTestcase" name="editSource" time="20.608"/>
  <testcase classname="com.rjio.testcases.AlertsSourcesTestcase" name="startSource" time="25.147"/>
  <testcase classname="com.rjio.testcases.AlertsSourcesTestcase" name="stopSource" time="26.684"/>
  <testcase classname="com.rjio.testcases.AlertsSourcesTestcase" name="deleteSource" time="20.845"/>
</testsuite> <!-- com.rjio.testcases.AlertsSourcesTestcase -->
