<?xml version="1.0" encoding="UTF-8"?>
<!-- Generated by org.testng.reporters.JUnitReportReporter -->
<testsuite hostname="ITL-LT-DL-REF-84-R0916838" failures="0" tests="10" name="com.rjio.testcases.AlertsActionsTestcase" time="412.390" errors="0" timestamp="2024-04-08T13:35:55 IST" skipped="0">
  <testcase classname="com.rjio.testcases.AlertsActionsTestcase" name="createSMSAction" time="53.879"/>
  <testcase classname="com.rjio.testcases.AlertsActionsTestcase" name="editSMSAction" time="57.944"/>
  <testcase classname="com.rjio.testcases.AlertsActionsTestcase" name="enableSMSAction" time="35.071"/>
  <testcase classname="com.rjio.testcases.AlertsActionsTestcase" name="disableSMSAction" time="35.069"/>
  <testcase classname="com.rjio.testcases.AlertsActionsTestcase" name="deleteSMSAction" time="33.087"/>
  <testcase classname="com.rjio.testcases.AlertsActionsTestcase" name="createEmailAction" time="51.486"/>
  <testcase classname="com.rjio.testcases.AlertsActionsTestcase" name="editEmailAction" time="43.136"/>
  <testcase classname="com.rjio.testcases.AlertsActionsTestcase" name="enableEmailAction" time="35.250"/>
  <testcase classname="com.rjio.testcases.AlertsActionsTestcase" name="disableEmailAction" time="34.456"/>
  <testcase classname="com.rjio.testcases.AlertsActionsTestcase" name="deleteEmailAction" time="33.012"/>
</testsuite> <!-- com.rjio.testcases.AlertsActionsTestcase -->
