<?xml version="1.0" encoding="UTF-8"?>
<!-- Generated by org.testng.reporters.JUnitReportReporter -->
<testsuite hostname="ITL-LT-DL-REF-84-R0916838" failures="0" tests="3" name="com.rjio.testcases.AlertsAccountsTestcase" time="86.352" errors="0" timestamp="2024-11-29T12:48:10 IST" skipped="0">
  <testcase classname="com.rjio.testcases.AlertsAccountsTestcase" name="createJMSAccount" time="45.096"/>
  <testcase classname="com.rjio.testcases.AlertsAccountsTestcase" name="editJMSAccount" time="24.488"/>
  <testcase classname="com.rjio.testcases.AlertsAccountsTestcase" name="deleteJMSAccount" time="16.768"/>
</testsuite> <!-- com.rjio.testcases.AlertsAccountsTestcase -->
