<?xml version="1.0" encoding="UTF-8"?>
<!-- Generated by org.testng.reporters.JUnitReportReporter -->
<testsuite hostname="ITL-LT-DL-REF-84-R0916838" failures="0" tests="5" name="com.rjio.testcases.ListenerTestcase" time="92.366" errors="0" timestamp="2024-11-20T10:54:00 IST" skipped="0">
  <testcase classname="com.rjio.testcases.ListenerTestcase" name="createAMQPListener" time="28.169"/>
  <testcase classname="com.rjio.testcases.ListenerTestcase" name="editAMQPListener" time="18.350"/>
  <testcase classname="com.rjio.testcases.ListenerTestcase" name="startAMQPListener" time="15.944"/>
  <testcase classname="com.rjio.testcases.ListenerTestcase" name="stopAMQPListener" time="18.469"/>
  <testcase classname="com.rjio.testcases.ListenerTestcase" name="deleteAMQPListener" time="11.434"/>
</testsuite> <!-- com.rjio.testcases.ListenerTestcase -->
