<?xml version="1.0" encoding="UTF-8"?>
<!-- Generated by org.testng.reporters.JUnitReportReporter -->
<testsuite hostname="ITL-LT-DL-REF-84-R0916838" failures="0" tests="1" name="com.rjio.accelator.CreateExtentReportsZIP" time="0.420" errors="0" timestamp="2023-09-08T19:15:48 IST" skipped="0">
  <testcase classname="com.rjio.accelator.CreateExtentReportsZIP" name="createExtentReportZip" time="0.420"/>
</testsuite> <!-- com.rjio.accelator.CreateExtentReportsZIP -->
