<?xml version="1.0" encoding="UTF-8"?>
<!-- Generated by org.testng.reporters.JUnitReportReporter -->
<testsuite hostname="ITL-LT-DL-REF-84-R0916838" failures="0" tests="1" name="com.rjio.accelator.ExcelOperations" time="1.249" errors="0" timestamp="2023-08-18T19:58:30 IST" skipped="0">
  <testcase classname="com.rjio.accelator.ExcelOperations" name="m1" time="1.249"/>
</testsuite> <!-- com.rjio.accelator.ExcelOperations -->
