<?xml version="1.0" encoding="UTF-8"?>
<!-- Generated by org.testng.reporters.JUnitReportReporter -->
<testsuite hostname="ITL-LT-DL-REF-84-R0916838" failures="0" tests="3" name="com.geidea.testcases.ApplicationProcessingTestcase" time="121.684" errors="0" timestamp="2024-05-30T12:19:29 IST" skipped="0">
  <testcase classname="com.geidea.testcases.ApplicationProcessingTestcase" name="searchApplication" time="7.635"/>
  <testcase classname="com.geidea.testcases.ApplicationProcessingTestcase" name="editApplication" time="80.132"/>
  <testcase classname="com.geidea.testcases.ApplicationProcessingTestcase" name="addBusinessDeatils" time="33.917"/>
</testsuite> <!-- com.geidea.testcases.ApplicationProcessingTestcase -->
