<?xml version="1.0" encoding="UTF-8"?>
<!-- Generated by org.testng.reporters.JUnitReportReporter -->
<testsuite hostname="ITL-LT-DL-REF-84-R0916838" failures="0" tests="1" name="com.geidea.testcases.AdminTestcase" time="16.356" errors="0" timestamp="2024-05-30T12:19:29 IST" skipped="0">
  <testcase classname="com.geidea.testcases.AdminTestcase" name="ApplicationClick" time="16.356"/>
</testsuite> <!-- com.geidea.testcases.AdminTestcase -->
