<?xml version="1.0" encoding="UTF-8"?>
<!-- Generated by org.testng.reporters.JUnitReportReporter -->
<testsuite hostname="ITL-LT-DL-REF-84-R0916838" failures="0" tests="1" name="Active_mqData" time="15.038" errors="0" timestamp="2024-05-31T12:14:48 IST" skipped="0">
  <testcase classname="Active_mqData" name="sendInput" time="15.038"/>
</testsuite> <!-- Active_mqData -->
