<?xml version="1.0" encoding="UTF-8"?>
<!-- Generated by org.testng.reporters.JUnitReportReporter -->
<testsuite hostname="ITL-LT-DL-REF-84-R0916838" failures="0" tests="1" name="Sample" time="22.061" errors="0" timestamp="2024-05-24T18:26:02 IST" skipped="0">
  <testcase classname="Sample" name="m1" time="22.061"/>
</testsuite> <!-- Sample -->
