<?xml version="1.0" encoding="UTF-8"?>
<!-- Generated by org.testng.reporters.JUnitReportReporter -->
<testsuite hostname="ITL-LT-DL-REF-84-R0916838" failures="0" tests="2" name="Test_refile" time="0.030" errors="0" timestamp="2024-05-30T09:59:22 IST" skipped="0">
  <testcase classname="Test_refile" name="test1" time="0.026"/>
  <testcase classname="Test_refile" name="test2" time="0.004"/>
</testsuite> <!-- Test_refile -->
