<?xml version="1.0" encoding="UTF-8"?>
<!-- Generated by org.testng.reporters.JUnitReportReporter -->
<testsuite hostname="ITL-LT-DL-REF-84-R0916838" failures="0" tests="1" name="com.geidea.testcases.SalesRegistartionTestcase" time="35.996" errors="0" timestamp="2024-04-20T11:08:54 IST" skipped="0">
  <testcase classname="com.geidea.testcases.SalesRegistartionTestcase" name="salesRegistartion" time="35.996"/>
</testsuite> <!-- com.geidea.testcases.SalesRegistartionTestcase -->
