<?xml version="1.0" encoding="UTF-8"?>
<!-- Generated by org.testng.reporters.JUnitReportReporter -->
<testsuite hostname="ITL-LT-DL-REF-84-R0916838" failures="0" tests="1" name="com.geidea.testcases.AppRegistrationTestcase" time="36.594" errors="0" timestamp="2024-04-25T15:59:35 IST" skipped="0">
  <testcase classname="com.geidea.testcases.AppRegistrationTestcase" name="salesRegistartion" time="36.594"/>
</testsuite> <!-- com.geidea.testcases.AppRegistrationTestcase -->
