<?xml version="1.0" encoding="UTF-8"?>
<!-- Generated by org.testng.reporters.JUnitReportReporter -->
<testsuite hostname="ITL-LT-DL-REF-84-R0916838" failures="0" tests="1" name="com.geidea.testcases.OpenBrowserTestcase" time="20.551" errors="0" timestamp="2024-04-25T15:59:35 IST" skipped="0">
  <testcase classname="com.geidea.testcases.OpenBrowserTestcase" name="openApplication" time="20.551"/>
</testsuite> <!-- com.geidea.testcases.OpenBrowserTestcase -->
