<?xml version="1.0" encoding="UTF-8"?>
<!-- Generated by org.testng.reporters.JUnitReportReporter -->
<testsuite hostname="ITL-LT-DL-REF-84-R0916838" failures="0" tests="1" name="com.geidea.testcases.LogoutTestcase" time="12.773" errors="0" timestamp="2024-04-18T19:10:53 IST" skipped="0">
  <testcase classname="com.geidea.testcases.LogoutTestcase" name="logoutApplication" time="12.773"/>
</testsuite> <!-- com.geidea.testcases.LogoutTestcase -->
