<?xml version="1.0" encoding="UTF-8"?>
<!-- Generated by org.testng.reporters.JUnitReportReporter -->
<testsuite hostname="ITL-LT-DL-REF-84-R0916838" failures="0" tests="1" name="com.geidea.testcases.LoginTestcase" time="5.306" errors="0" timestamp="2024-04-25T15:59:35 IST" skipped="0">
  <testcase classname="com.geidea.testcases.LoginTestcase" name="loginApplication" time="5.306"/>
</testsuite> <!-- com.geidea.testcases.LoginTestcase -->
