<?xml version="1.0" encoding="UTF-8"?>
<!-- Generated by org.testng.reporters.JUnitReportReporter -->
<testsuite hostname="ITL-LT-DL-REF-84-R0916838" failures="0" tests="1" name="com.geidea.testcases.AppRegistartionTestcase" time="11.178" errors="0" timestamp="2024-04-20T11:48:33 IST" skipped="0">
  <testcase classname="com.geidea.testcases.AppRegistartionTestcase" name="salesRegistartion" time="11.178"/>
</testsuite> <!-- com.geidea.testcases.AppRegistartionTestcase -->
