<?xml version="1.0" encoding="UTF-8"?>
<!-- Generated by org.testng.reporters.JUnitReportReporter -->
<testsuite hostname="ITL-LT-DL-REF-84-R0916838" failures="0" tests="4" name="com.geidea.testcases.ApplicationProcessingTestcase" time="12.622" errors="0" timestamp="2024-04-25T15:59:35 IST" skipped="0">
  <testcase classname="com.geidea.testcases.ApplicationProcessingTestcase" name="searchApplication" time="3.171"/>
  <testcase classname="com.geidea.testcases.ApplicationProcessingTestcase" name="editApplication" time="3.206"/>
  <testcase classname="com.geidea.testcases.ApplicationProcessingTestcase" name="addProducts" time="3.155"/>
  <testcase classname="com.geidea.testcases.ApplicationProcessingTestcase" name="saveANDcon" time="3.090"/>
</testsuite> <!-- com.geidea.testcases.ApplicationProcessingTestcase -->
